<?xml version="1.0" encoding="UTF-8"?>
<!-- Generated by org.testng.reporters.JUnitReportReporter -->
<testsuite hostname="LAPTOP-T7CG9SLJ" failures="0" tests="3" name="testng.Crossbrowser" time="15.311" errors="0" timestamp="2024-01-16T16:34:07 IST" skipped="0">
  <testcase classname="testng.Crossbrowser" name="login" time="4.488"/>
  <testcase classname="testng.Crossbrowser" name="login" time="4.829"/>
  <testcase classname="testng.Crossbrowser" name="login" time="5.994"/>
</testsuite> <!-- testng.Crossbrowser -->
